2026-03-09 04:35:50 - fetcher - INFO - 获取 BTCUSDT 3m K线 100 条
2026-03-09 04:35:50 - fetcher - INFO - 获取 ETHUSDT 3m K线 100 条
2026-03-09 04:35:51 - fetcher - INFO - 获取 BNBUSDT 3m K线 100 条
2026-03-09 04:35:51 - fetcher - INFO - 获取 SOLUSDT 3m K线 100 条
2026-03-09 04:35:52 - fetcher - INFO - 获取 DOGEUSDT 3m K线 100 条
2026-03-09 04:37:17 - fetcher - INFO - 获取 BTCUSDT 3m K线 100 条
2026-03-09 04:38:21 - fetcher - INFO - 获取 BTCUSDT 3m K线 100 条
2026-03-09 04:38:21 - fetcher - INFO - 获取 ETHUSDT 3m K线 100 条
2026-03-09 04:38:22 - fetcher - INFO - 获取 BNBUSDT 3m K线 100 条
2026-03-09 04:46:36 - fetcher - INFO - 获取 BTCUSDT 3m K线 100 条
2026-03-09 04:46:36 - fetcher - INFO - 获取 ETHUSDT 3m K线 100 条
2026-03-09 04:46:37 - fetcher - INFO - 获取 BNBUSDT 3m K线 100 条
2026-03-09 04:49:00 - fetcher - INFO - 获取 BTCUSDT 3m K线 100 条
2026-03-09 04:49:01 - fetcher - INFO - 获取 ETHUSDT 3m K线 100 条
2026-03-09 04:49:02 - fetcher - INFO - 获取 BNBUSDT 3m K线 100 条
2026-03-09 04:49:02 - fetcher - INFO - 获取 SOLUSDT 3m K线 100 条
2026-03-09 04:49:03 - fetcher - INFO - 获取 DOGEUSDT 3m K线 100 条
2026-03-09 04:49:25 - fetcher - INFO - 获取 BTCUSDT 3m K线 100 条
2026-03-09 04:49:25 - fetcher - INFO - 获取 ETHUSDT 3m K线 100 条
2026-03-09 04:49:26 - fetcher - INFO - 获取 BNBUSDT 3m K线 100 条
2026-03-09 04:49:26 - fetcher - INFO - 获取 SOLUSDT 3m K线 100 条
2026-03-09 04:49:27 - fetcher - INFO - 获取 DOGEUSDT 3m K线 100 条
2026-03-09 04:51:15 - fetcher - INFO - 获取 BTCUSDT 3m K线 100 条
2026-03-09 04:51:15 - fetcher - INFO - 获取 ETHUSDT 3m K线 100 条
2026-03-09 04:51:32 - fetcher - INFO - 获取 BNBUSDT 3m K线 100 条
2026-03-09 04:51:32 - fetcher - INFO - 获取 SOLUSDT 3m K线 100 条
2026-03-09 04:51:57 - fetcher - INFO - 获取 DOGEUSDT 3m K线 100 条
2026-03-09 12:35:08 - fetcher - INFO - 获取 BTCUSDT 3m K线 100 条
2026-03-09 12:35:09 - fetcher - INFO - 获取 ETHUSDT 3m K线 100 条
2026-03-09 12:35:10 - fetcher - INFO - 获取 BNBUSDT 3m K线 100 条
2026-03-09 12:35:10 - fetcher - INFO - 获取 SOLUSDT 3m K线 100 条
2026-03-09 12:35:15 - fetcher - INFO - 获取 DOGEUSDT 3m K线 100 条
2026-03-09 12:59:41 - fetcher - INFO - 获取 BTCUSDT 3m K线 100 条
2026-03-09 12:59:41 - fetcher - INFO - 获取 ETHUSDT 3m K线 100 条
2026-03-09 12:59:42 - fetcher - INFO - 获取 BNBUSDT 3m K线 100 条
2026-03-09 12:59:43 - fetcher - INFO - 获取 SOLUSDT 3m K线 100 条
2026-03-09 12:59:44 - fetcher - INFO - 获取 DOGEUSDT 3m K线 100 条
2026-03-09 13:05:37 - fetcher - INFO - 获取 BTCUSDT 3m K线 100 条
2026-03-09 13:05:38 - fetcher - INFO - 获取 ETHUSDT 3m K线 100 条
2026-03-09 13:05:38 - fetcher - INFO - 获取 BNBUSDT 3m K线 100 条
2026-03-09 13:05:39 - fetcher - INFO - 获取 SOLUSDT 3m K线 100 条
2026-03-09 13:05:40 - fetcher - INFO - 获取 DOGEUSDT 3m K线 100 条
2026-03-09 13:08:00 - fetcher - INFO - 获取 BTCUSDT 3m K线 100 条
2026-03-09 13:08:01 - fetcher - INFO - 获取 ETHUSDT 3m K线 100 条
2026-03-09 13:08:01 - fetcher - INFO - 获取 BNBUSDT 3m K线 100 条
2026-03-09 13:08:03 - fetcher - INFO - 获取 SOLUSDT 3m K线 100 条
2026-03-09 13:08:03 - fetcher - INFO - 获取 DOGEUSDT 3m K线 100 条
2026-03-09 13:12:35 - fetcher - INFO - 获取 ETHUSDT 3m K线 100 条
2026-03-09 13:12:35 - fetcher - INFO - 获取 BTCUSDT 3m K线 100 条
2026-03-09 13:12:36 - fetcher - INFO - 获取 BNBUSDT 3m K线 100 条
2026-03-09 13:12:37 - fetcher - INFO - 获取 SOLUSDT 3m K线 100 条
2026-03-09 13:12:38 - fetcher - INFO - 获取 DOGEUSDT 3m K线 100 条
2026-03-09 13:14:05 - fetcher - INFO - 获取 ETHUSDT 3m K线 100 条
2026-03-09 13:14:05 - fetcher - INFO - 获取 BTCUSDT 3m K线 100 条
2026-03-09 13:14:06 - fetcher - INFO - 获取 BNBUSDT 3m K线 100 条
2026-03-09 13:14:06 - fetcher - INFO - 获取 SOLUSDT 3m K线 100 条
2026-03-09 13:14:07 - fetcher - INFO - 获取 DOGEUSDT 3m K线 100 条
2026-03-09 13:16:30 - fetcher - INFO - 获取 ETHUSDT 3m K线 100 条
2026-03-09 13:19:42 - fetcher - INFO - 获取 ETHUSDT 3m K线 100 条
2026-03-09 13:22:00 - fetcher - INFO - 获取 ETHUSDT 3m K线 100 条
2026-03-09 13:25:09 - fetcher - INFO - 获取 ETHUSDT 3m K线 100 条
2026-03-09 13:28:16 - fetcher - INFO - 获取 ETHUSDT 3m K线 100 条
2026-03-09 13:31:23 - fetcher - INFO - 获取 ETHUSDT 3m K线 100 条
2026-03-09 13:34:30 - fetcher - INFO - 获取 ETHUSDT 3m K线 100 条
2026-03-09 13:37:39 - fetcher - INFO - 获取 ETHUSDT 3m K线 100 条
2026-03-09 13:40:46 - fetcher - INFO - 获取 ETHUSDT 3m K线 100 条
2026-03-09 13:43:59 - fetcher - INFO - 获取 ETHUSDT 3m K线 100 条
2026-03-09 13:47:08 - fetcher - INFO - 获取 ETHUSDT 3m K线 100 条
2026-03-09 13:50:18 - fetcher - INFO - 获取 ETHUSDT 3m K线 100 条
2026-03-09 13:53:29 - fetcher - INFO - 获取 ETHUSDT 3m K线 100 条
2026-03-09 13:56:39 - fetcher - INFO - 获取 ETHUSDT 3m K线 100 条
2026-03-09 13:59:50 - fetcher - INFO - 获取 ETHUSDT 3m K线 100 条
2026-03-09 14:02:58 - fetcher - INFO - 获取 ETHUSDT 3m K线 100 条
2026-03-09 14:06:06 - fetcher - INFO - 获取 ETHUSDT 3m K线 100 条
2026-03-09 14:09:17 - fetcher - INFO - 获取 ETHUSDT 3m K线 100 条
2026-03-09 14:12:28 - fetcher - INFO - 获取 ETHUSDT 3m K线 100 条
2026-03-09 14:15:40 - fetcher - INFO - 获取 ETHUSDT 3m K线 100 条
2026-03-09 14:18:48 - fetcher - INFO - 获取 ETHUSDT 3m K线 100 条
2026-03-09 14:21:56 - fetcher - INFO - 获取 ETHUSDT 3m K线 100 条
2026-03-09 14:23:40 - fetcher - INFO - 获取 ETHUSDT 3m K线 100 条
2026-03-09 14:23:40 - fetcher - INFO - 获取 BTCUSDT 3m K线 100 条
2026-03-09 14:23:41 - fetcher - INFO - 获取 BNBUSDT 3m K线 100 条
2026-03-09 14:23:43 - fetcher - INFO - 获取 SOLUSDT 3m K线 100 条
2026-03-09 14:23:44 - fetcher - INFO - 获取 DOGEUSDT 3m K线 100 条
2026-03-09 14:24:53 - fetcher - INFO - 获取 ETHUSDT 3m K线 100 条
2026-03-09 14:24:55 - fetcher - INFO - 获取 BTCUSDT 3m K线 100 条
2026-03-09 14:24:56 - fetcher - INFO - 获取 BNBUSDT 3m K线 100 条
2026-03-09 14:24:57 - fetcher - INFO - 获取 SOLUSDT 3m K线 100 条
2026-03-09 14:24:58 - fetcher - INFO - 获取 DOGEUSDT 3m K线 100 条
2026-03-09 14:25:06 - fetcher - INFO - 获取 ETHUSDT 3m K线 100 条
2026-03-09 14:26:53 - fetcher - INFO - 获取 ETHUSDT 3m K线 100 条
2026-03-09 14:26:54 - fetcher - INFO - 获取 BTCUSDT 3m K线 100 条
2026-03-09 14:26:55 - fetcher - INFO - 获取 BNBUSDT 3m K线 100 条
2026-03-09 14:26:56 - fetcher - INFO - 获取 SOLUSDT 3m K线 100 条
2026-03-09 14:26:57 - fetcher - INFO - 获取 DOGEUSDT 3m K线 100 条
2026-03-09 14:27:55 - fetcher - INFO - 获取 ETHUSDT 3m K线 100 条
2026-03-09 14:27:56 - fetcher - INFO - 获取 BTCUSDT 3m K线 100 条
2026-03-09 14:27:57 - fetcher - INFO - 获取 BNBUSDT 3m K线 100 条
2026-03-09 14:27:58 - fetcher - INFO - 获取 SOLUSDT 3m K线 100 条
2026-03-09 14:27:59 - fetcher - INFO - 获取 DOGEUSDT 3m K线 100 条
2026-03-09 14:28:16 - fetcher - INFO - 获取 ETHUSDT 3m K线 100 条
2026-03-09 14:29:02 - fetcher - INFO - 获取 ETHUSDT 3m K线 100 条
2026-03-09 14:29:02 - fetcher - INFO - 获取 BTCUSDT 3m K线 100 条
2026-03-09 14:29:03 - fetcher - INFO - 获取 BNBUSDT 3m K线 100 条
2026-03-09 14:29:05 - fetcher - INFO - 获取 SOLUSDT 3m K线 100 条
2026-03-09 14:29:06 - fetcher - INFO - 获取 DOGEUSDT 3m K线 100 条
2026-03-09 14:30:07 - fetcher - INFO - 获取 ETHUSDT 3m K线 100 条
2026-03-09 14:30:07 - fetcher - INFO - 获取 BTCUSDT 3m K线 100 条
2026-03-09 14:30:09 - fetcher - INFO - 获取 BNBUSDT 3m K线 100 条
2026-03-09 14:30:10 - fetcher - INFO - 获取 SOLUSDT 3m K线 100 条
2026-03-09 14:30:11 - fetcher - INFO - 获取 DOGEUSDT 3m K线 100 条
2026-03-09 14:31:10 - fetcher - INFO - 获取 ETHUSDT 3m K线 100 条
2026-03-09 14:31:11 - fetcher - INFO - 获取 BTCUSDT 3m K线 100 条
2026-03-09 14:31:12 - fetcher - INFO - 获取 BNBUSDT 3m K线 100 条
2026-03-09 14:31:13 - fetcher - INFO - 获取 SOLUSDT 3m K线 100 条
2026-03-09 14:31:14 - fetcher - INFO - 获取 DOGEUSDT 3m K线 100 条
2026-03-09 14:31:24 - fetcher - INFO - 获取 ETHUSDT 3m K线 100 条
2026-03-09 14:32:11 - fetcher - INFO - 获取 ETHUSDT 3m K线 100 条
2026-03-09 14:32:12 - fetcher - INFO - 获取 BTCUSDT 3m K线 100 条
2026-03-09 14:32:13 - fetcher - INFO - 获取 BNBUSDT 3m K线 100 条
2026-03-09 14:32:14 - fetcher - INFO - 获取 SOLUSDT 3m K线 100 条
2026-03-09 14:32:15 - fetcher - INFO - 获取 DOGEUSDT 3m K线 100 条
2026-03-09 14:33:14 - fetcher - INFO - 获取 ETHUSDT 3m K线 100 条
2026-03-09 14:33:15 - fetcher - INFO - 获取 BTCUSDT 3m K线 100 条
2026-03-09 14:33:16 - fetcher - INFO - 获取 BNBUSDT 3m K线 100 条
2026-03-09 14:33:17 - fetcher - INFO - 获取 SOLUSDT 3m K线 100 条
2026-03-09 14:33:19 - fetcher - INFO - 获取 DOGEUSDT 3m K线 100 条
2026-03-09 14:34:17 - fetcher - INFO - 获取 ETHUSDT 3m K线 100 条
2026-03-09 14:34:17 - fetcher - INFO - 获取 BTCUSDT 3m K线 100 条
2026-03-09 14:34:18 - fetcher - INFO - 获取 BNBUSDT 3m K线 100 条
2026-03-09 14:34:20 - fetcher - INFO - 获取 SOLUSDT 3m K线 100 条
2026-03-09 14:34:21 - fetcher - INFO - 获取 DOGEUSDT 3m K线 100 条
2026-03-09 14:34:33 - fetcher - INFO - 获取 ETHUSDT 3m K线 100 条
2026-03-09 14:35:53 - fetcher - INFO - 获取 ETHUSDT 3m K线 100 条
2026-03-09 14:35:54 - fetcher - INFO - 获取 BTCUSDT 3m K线 100 条
2026-03-09 14:35:55 - fetcher - INFO - 获取 BNBUSDT 3m K线 100 条
2026-03-09 14:35:57 - fetcher - INFO - 获取 SOLUSDT 3m K线 100 条
2026-03-09 14:35:58 - fetcher - INFO - 获取 DOGEUSDT 3m K线 100 条
2026-03-09 14:36:57 - fetcher - INFO - 获取 ETHUSDT 3m K线 100 条
2026-03-09 14:36:57 - fetcher - INFO - 获取 BTCUSDT 3m K线 100 条
2026-03-09 14:36:58 - fetcher - INFO - 获取 ETHUSDT 3m K线 100 条
2026-03-09 14:36:59 - fetcher - INFO - 获取 BNBUSDT 3m K线 100 条
2026-03-09 14:37:00 - fetcher - INFO - 获取 SOLUSDT 3m K线 100 条
2026-03-09 14:37:01 - fetcher - INFO - 获取 DOGEUSDT 3m K线 100 条
2026-03-09 14:38:01 - fetcher - INFO - 获取 ETHUSDT 3m K线 100 条
2026-03-09 14:38:01 - fetcher - INFO - 获取 BTCUSDT 3m K线 100 条
2026-03-09 14:38:02 - fetcher - INFO - 获取 BNBUSDT 3m K线 100 条
2026-03-09 14:38:03 - fetcher - INFO - 获取 SOLUSDT 3m K线 100 条
2026-03-09 14:38:03 - fetcher - INFO - 获取 DOGEUSDT 3m K线 100 条
2026-03-09 14:39:07 - fetcher - INFO - 获取 ETHUSDT 3m K线 100 条
2026-03-09 14:39:07 - fetcher - INFO - 获取 BTCUSDT 3m K线 100 条
2026-03-09 14:39:09 - fetcher - INFO - 获取 BNBUSDT 3m K线 100 条
2026-03-09 14:39:10 - fetcher - INFO - 获取 SOLUSDT 3m K线 100 条
2026-03-09 14:39:11 - fetcher - INFO - 获取 DOGEUSDT 3m K线 100 条
2026-03-09 14:40:06 - fetcher - INFO - 获取 ETHUSDT 3m K线 100 条
2026-03-09 14:40:12 - fetcher - INFO - 获取 ETHUSDT 3m K线 100 条
2026-03-09 14:40:13 - fetcher - INFO - 获取 BTCUSDT 3m K线 100 条
2026-03-09 14:40:14 - fetcher - INFO - 获取 BNBUSDT 3m K线 100 条
2026-03-09 14:40:15 - fetcher - INFO - 获取 SOLUSDT 3m K线 100 条
2026-03-09 14:40:16 - fetcher - INFO - 获取 DOGEUSDT 3m K线 100 条
2026-03-09 14:41:18 - fetcher - INFO - 获取 ETHUSDT 3m K线 100 条
2026-03-09 14:41:18 - fetcher - INFO - 获取 BTCUSDT 3m K线 100 条
2026-03-09 14:41:19 - fetcher - INFO - 获取 BNBUSDT 3m K线 100 条
2026-03-09 14:41:21 - fetcher - INFO - 获取 SOLUSDT 3m K线 100 条
2026-03-09 14:41:22 - fetcher - INFO - 获取 DOGEUSDT 3m K线 100 条
2026-03-09 14:42:44 - fetcher - INFO - 获取 ETHUSDT 3m K线 100 条
2026-03-09 14:42:44 - fetcher - INFO - 获取 BTCUSDT 3m K线 100 条
2026-03-09 14:42:45 - fetcher - INFO - 获取 BNBUSDT 3m K线 100 条
2026-03-09 14:42:46 - fetcher - INFO - 获取 SOLUSDT 3m K线 100 条
2026-03-09 14:42:48 - fetcher - INFO - 获取 DOGEUSDT 3m K线 100 条
2026-03-09 14:43:15 - fetcher - INFO - 获取 ETHUSDT 3m K线 100 条
2026-03-09 14:43:46 - fetcher - INFO - 获取 ETHUSDT 3m K线 100 条
2026-03-09 14:43:47 - fetcher - INFO - 获取 BTCUSDT 3m K线 100 条
2026-03-09 14:43:47 - fetcher - INFO - 获取 BNBUSDT 3m K线 100 条
2026-03-09 14:43:48 - fetcher - INFO - 获取 SOLUSDT 3m K线 100 条
2026-03-09 14:43:49 - fetcher - INFO - 获取 DOGEUSDT 3m K线 100 条
2026-03-09 14:44:50 - fetcher - INFO - 获取 ETHUSDT 3m K线 100 条
2026-03-09 14:44:51 - fetcher - INFO - 获取 BTCUSDT 3m K线 100 条
2026-03-09 14:44:52 - fetcher - INFO - 获取 BNBUSDT 3m K线 100 条
2026-03-09 14:44:53 - fetcher - INFO - 获取 SOLUSDT 3m K线 100 条
2026-03-09 14:44:54 - fetcher - INFO - 获取 DOGEUSDT 3m K线 100 条
2026-03-09 14:45:51 - fetcher - INFO - 获取 ETHUSDT 3m K线 100 条
2026-03-09 14:45:51 - fetcher - INFO - 获取 BTCUSDT 3m K线 100 条
2026-03-09 14:45:53 - fetcher - INFO - 获取 BNBUSDT 3m K线 100 条
2026-03-09 14:45:54 - fetcher - INFO - 获取 SOLUSDT 3m K线 100 条
2026-03-09 14:45:55 - fetcher - INFO - 获取 DOGEUSDT 3m K线 100 条
2026-03-09 14:46:26 - fetcher - INFO - 获取 ETHUSDT 3m K线 100 条
2026-03-09 14:46:55 - fetcher - INFO - 获取 ETHUSDT 3m K线 100 条
2026-03-09 14:46:56 - fetcher - INFO - 获取 BTCUSDT 3m K线 100 条
2026-03-09 14:46:57 - fetcher - INFO - 获取 BNBUSDT 3m K线 100 条
2026-03-09 14:46:58 - fetcher - INFO - 获取 SOLUSDT 3m K线 100 条
2026-03-09 14:46:59 - fetcher - INFO - 获取 DOGEUSDT 3m K线 100 条
2026-03-09 14:49:34 - fetcher - INFO - 获取 ETHUSDT 3m K线 50 条
2026-03-09 14:49:35 - fetcher - INFO - 获取 ETHUSDT 3m K线 100 条
2026-03-09 14:49:36 - fetcher - INFO - 获取 BTCUSDT 3m K线 50 条
2026-03-09 14:49:37 - fetcher - INFO - 获取 BNBUSDT 3m K线 50 条
2026-03-09 14:49:38 - fetcher - INFO - 获取 SOLUSDT 3m K线 50 条
2026-03-09 14:49:39 - fetcher - INFO - 获取 DOGEUSDT 3m K线 50 条
2026-03-09 14:50:36 - fetcher - INFO - 获取 ETHUSDT 3m K线 50 条
2026-03-09 14:50:37 - fetcher - INFO - 获取 BTCUSDT 3m K线 50 条
2026-03-09 14:50:37 - fetcher - INFO - 获取 BNBUSDT 3m K线 50 条
2026-03-09 14:50:43 - fetcher - INFO - 获取 SOLUSDT 3m K线 50 条
2026-03-09 14:50:44 - fetcher - INFO - 获取 DOGEUSDT 3m K线 50 条
2026-03-09 14:51:36 - fetcher - INFO - 获取 ETHUSDT 3m K线 100 条
2026-03-09 14:51:41 - fetcher - INFO - 获取 ETHUSDT 3m K线 50 条
2026-03-09 14:51:42 - fetcher - INFO - 获取 BTCUSDT 3m K线 50 条
2026-03-09 14:51:43 - fetcher - INFO - 获取 BNBUSDT 3m K线 50 条
2026-03-09 14:51:45 - fetcher - INFO - 获取 SOLUSDT 3m K线 50 条
2026-03-09 14:51:46 - fetcher - INFO - 获取 DOGEUSDT 3m K线 50 条
2026-03-09 14:52:42 - fetcher - INFO - 获取 ETHUSDT 3m K线 50 条
2026-03-09 14:52:46 - fetcher - INFO - 获取 BTCUSDT 3m K线 50 条
2026-03-09 14:52:47 - fetcher - INFO - 获取 BNBUSDT 3m K线 50 条
2026-03-09 14:52:47 - fetcher - INFO - 获取 SOLUSDT 3m K线 50 条
2026-03-09 14:52:48 - fetcher - INFO - 获取 DOGEUSDT 3m K线 50 条
2026-03-09 14:54:43 - fetcher - INFO - 获取 ETHUSDT 3m K线 100 条
2026-03-09 14:54:46 - fetcher - INFO - 获取 ETHUSDT 3m K线 50 条
2026-03-09 14:54:47 - fetcher - INFO - 获取 BTCUSDT 3m K线 50 条
2026-03-09 14:54:49 - fetcher - INFO - 获取 BNBUSDT 3m K线 50 条
2026-03-09 14:54:50 - fetcher - INFO - 获取 SOLUSDT 3m K线 50 条
2026-03-09 14:54:51 - fetcher - INFO - 获取 DOGEUSDT 3m K线 50 条
2026-03-09 14:55:51 - fetcher - INFO - 获取 ETHUSDT 3m K线 50 条
2026-03-09 14:55:52 - fetcher - INFO - 获取 BTCUSDT 3m K线 50 条
2026-03-09 14:55:53 - fetcher - INFO - 获取 BNBUSDT 3m K线 50 条
2026-03-09 14:55:54 - fetcher - INFO - 获取 SOLUSDT 3m K线 50 条
2026-03-09 14:55:55 - fetcher - INFO - 获取 DOGEUSDT 3m K线 50 条
2026-03-09 14:56:53 - fetcher - INFO - 获取 ETHUSDT 3m K线 50 条
2026-03-09 14:56:55 - fetcher - INFO - 获取 BTCUSDT 3m K线 50 条
2026-03-09 14:56:56 - fetcher - INFO - 获取 BNBUSDT 3m K线 50 条
2026-03-09 14:56:58 - fetcher - INFO - 获取 SOLUSDT 3m K线 50 条
2026-03-09 14:56:59 - fetcher - INFO - 获取 DOGEUSDT 3m K线 50 条
2026-03-09 14:57:53 - fetcher - INFO - 获取 ETHUSDT 3m K线 100 条
2026-03-09 14:57:57 - fetcher - INFO - 获取 ETHUSDT 3m K线 50 条
2026-03-09 14:57:57 - fetcher - INFO - 获取 BTCUSDT 3m K线 50 条
2026-03-09 14:57:58 - fetcher - INFO - 获取 BNBUSDT 3m K线 50 条
2026-03-09 14:57:59 - fetcher - INFO - 获取 SOLUSDT 3m K线 50 条
2026-03-09 14:58:02 - fetcher - INFO - 获取 DOGEUSDT 3m K线 50 条
2026-03-09 14:59:01 - fetcher - INFO - 获取 ETHUSDT 3m K线 50 条
2026-03-09 14:59:02 - fetcher - INFO - 获取 BTCUSDT 3m K线 50 条
2026-03-09 14:59:04 - fetcher - INFO - 获取 BNBUSDT 3m K线 50 条
2026-03-09 14:59:05 - fetcher - INFO - 获取 SOLUSDT 3m K线 50 条
2026-03-09 14:59:07 - fetcher - INFO - 获取 DOGEUSDT 3m K线 50 条
2026-03-09 15:00:04 - fetcher - INFO - 获取 ETHUSDT 3m K线 50 条
2026-03-09 15:00:05 - fetcher - INFO - 获取 BTCUSDT 3m K线 50 条
2026-03-09 15:00:06 - fetcher - INFO - 获取 BNBUSDT 3m K线 50 条
2026-03-09 15:00:07 - fetcher - INFO - 获取 SOLUSDT 3m K线 50 条
2026-03-09 15:00:14 - fetcher - INFO - 获取 ETHUSDT 3m K线 50 条
2026-03-09 15:00:15 - fetcher - INFO - 获取 BTCUSDT 3m K线 50 条
2026-03-09 15:00:16 - fetcher - INFO - 获取 BNBUSDT 3m K线 50 条
2026-03-09 15:00:17 - fetcher - INFO - 获取 SOLUSDT 3m K线 50 条
2026-03-09 15:00:18 - fetcher - INFO - 获取 DOGEUSDT 3m K线 50 条
2026-03-09 15:01:00 - fetcher - INFO - 获取 ETHUSDT 3m K线 100 条
2026-03-09 15:01:18 - fetcher - INFO - 获取 ETHUSDT 3m K线 50 条
2026-03-09 15:01:18 - fetcher - INFO - 获取 BTCUSDT 3m K线 50 条
2026-03-09 15:01:19 - fetcher - INFO - 获取 BNBUSDT 3m K线 50 条
2026-03-09 15:01:19 - fetcher - INFO - 获取 SOLUSDT 3m K线 50 条
2026-03-09 15:01:20 - fetcher - INFO - 获取 DOGEUSDT 3m K线 50 条
2026-03-09 15:02:21 - fetcher - INFO - 获取 ETHUSDT 3m K线 50 条
2026-03-09 15:02:22 - fetcher - INFO - 获取 BTCUSDT 3m K线 50 条
2026-03-09 15:02:24 - fetcher - INFO - 获取 BNBUSDT 3m K线 50 条
2026-03-09 15:02:25 - fetcher - INFO - 获取 SOLUSDT 3m K线 50 条
2026-03-09 15:02:26 - fetcher - INFO - 获取 DOGEUSDT 3m K线 50 条
2026-03-09 15:03:26 - fetcher - INFO - 获取 ETHUSDT 3m K线 50 条
2026-03-09 15:03:27 - fetcher - INFO - 获取 BTCUSDT 3m K线 50 条
2026-03-09 15:03:27 - fetcher - INFO - 获取 BNBUSDT 3m K线 50 条
2026-03-09 15:03:28 - fetcher - INFO - 获取 SOLUSDT 3m K线 50 条
2026-03-09 15:03:29 - fetcher - INFO - 获取 DOGEUSDT 3m K线 50 条
2026-03-09 15:04:11 - fetcher - INFO - 获取 ETHUSDT 3m K线 100 条
2026-03-09 15:04:31 - fetcher - INFO - 获取 ETHUSDT 3m K线 50 条
2026-03-09 15:04:33 - fetcher - INFO - 获取 BTCUSDT 3m K线 50 条
2026-03-09 15:04:34 - fetcher - INFO - 获取 BNBUSDT 3m K线 50 条
2026-03-09 15:04:35 - fetcher - INFO - 获取 SOLUSDT 3m K线 50 条
2026-03-09 15:04:36 - fetcher - INFO - 获取 DOGEUSDT 3m K线 50 条
2026-03-09 15:04:46 - fetcher - INFO - 获取 ETHUSDT 3m K线 50 条
2026-03-09 15:04:47 - fetcher - INFO - 获取 BTCUSDT 3m K线 50 条
2026-03-09 15:04:48 - fetcher - INFO - 获取 BNBUSDT 3m K线 50 条
2026-03-09 15:04:50 - fetcher - INFO - 获取 SOLUSDT 3m K线 50 条
2026-03-09 15:04:51 - fetcher - INFO - 获取 DOGEUSDT 3m K线 50 条
2026-03-09 15:05:51 - fetcher - INFO - 获取 ETHUSDT 3m K线 50 条
2026-03-09 15:05:53 - fetcher - INFO - 获取 BTCUSDT 3m K线 50 条
2026-03-09 15:05:54 - fetcher - INFO - 获取 BNBUSDT 3m K线 50 条
2026-03-09 15:05:55 - fetcher - INFO - 获取 SOLUSDT 3m K线 50 条
2026-03-09 15:05:56 - fetcher - INFO - 获取 DOGEUSDT 3m K线 50 条
2026-03-09 15:06:54 - fetcher - INFO - 获取 ETHUSDT 3m K线 50 条
2026-03-09 15:06:55 - fetcher - INFO - 获取 BTCUSDT 3m K线 50 条
2026-03-09 15:06:56 - fetcher - INFO - 获取 BNBUSDT 3m K线 50 条
2026-03-09 15:06:57 - fetcher - INFO - 获取 SOLUSDT 3m K线 50 条
2026-03-09 15:06:58 - fetcher - INFO - 获取 DOGEUSDT 3m K线 50 条
2026-03-09 15:07:24 - fetcher - INFO - 获取 ETHUSDT 3m K线 100 条
2026-03-09 15:07:56 - fetcher - INFO - 获取 ETHUSDT 3m K线 50 条
2026-03-09 15:07:57 - fetcher - INFO - 获取 BTCUSDT 3m K线 50 条
2026-03-09 15:07:58 - fetcher - INFO - 获取 BNBUSDT 3m K线 50 条
2026-03-09 15:07:58 - fetcher - INFO - 获取 SOLUSDT 3m K线 50 条
2026-03-09 15:08:07 - fetcher - INFO - 获取 DOGEUSDT 3m K线 50 条
2026-03-09 15:09:01 - fetcher - INFO - 获取 ETHUSDT 3m K线 50 条
2026-03-09 15:09:03 - fetcher - INFO - 获取 BTCUSDT 3m K线 50 条
2026-03-09 15:09:04 - fetcher - INFO - 获取 BNBUSDT 3m K线 50 条
2026-03-09 15:09:05 - fetcher - INFO - 获取 SOLUSDT 3m K线 50 条
2026-03-09 15:09:13 - fetcher - INFO - 获取 DOGEUSDT 3m K线 50 条
2026-03-09 15:10:06 - fetcher - INFO - 获取 ETHUSDT 3m K线 50 条
2026-03-09 15:10:07 - fetcher - INFO - 获取 BTCUSDT 3m K线 50 条
2026-03-09 15:10:07 - fetcher - INFO - 获取 BNBUSDT 3m K线 50 条
2026-03-09 15:10:08 - fetcher - INFO - 获取 SOLUSDT 3m K线 50 条
2026-03-09 15:10:16 - fetcher - INFO - 获取 DOGEUSDT 3m K线 50 条
2026-03-09 15:10:34 - fetcher - INFO - 获取 ETHUSDT 3m K线 100 条
2026-03-09 15:11:12 - fetcher - INFO - 获取 ETHUSDT 3m K线 50 条
2026-03-09 15:11:13 - fetcher - INFO - 获取 BTCUSDT 3m K线 50 条
2026-03-09 15:11:14 - fetcher - INFO - 获取 BNBUSDT 3m K线 50 条
2026-03-09 15:11:15 - fetcher - INFO - 获取 SOLUSDT 3m K线 50 条
2026-03-09 15:11:24 - fetcher - INFO - 获取 DOGEUSDT 3m K线 50 条
2026-03-09 15:12:13 - fetcher - INFO - 获取 ETHUSDT 3m K线 50 条
2026-03-09 15:12:14 - fetcher - INFO - 获取 BTCUSDT 3m K线 50 条
2026-03-09 15:12:16 - fetcher - INFO - 获取 BNBUSDT 3m K线 50 条
2026-03-09 15:12:18 - fetcher - INFO - 获取 SOLUSDT 3m K线 50 条
2026-03-09 15:12:29 - fetcher - INFO - 获取 DOGEUSDT 3m K线 50 条
2026-03-09 15:13:15 - fetcher - INFO - 获取 ETHUSDT 3m K线 50 条
2026-03-09 15:13:16 - fetcher - INFO - 获取 BTCUSDT 3m K线 50 条
2026-03-09 15:13:17 - fetcher - INFO - 获取 BNBUSDT 3m K线 50 条
2026-03-09 15:13:19 - fetcher - INFO - 获取 SOLUSDT 3m K线 50 条
2026-03-09 15:13:32 - fetcher - INFO - 获取 DOGEUSDT 3m K线 50 条
2026-03-09 15:13:43 - fetcher - INFO - 获取 ETHUSDT 3m K线 100 条
2026-03-09 15:14:20 - fetcher - INFO - 获取 ETHUSDT 3m K线 50 条
2026-03-09 15:14:21 - fetcher - INFO - 获取 BTCUSDT 3m K线 50 条
2026-03-09 15:14:22 - fetcher - INFO - 获取 BNBUSDT 3m K线 50 条
2026-03-09 15:14:23 - fetcher - INFO - 获取 SOLUSDT 3m K线 50 条
2026-03-09 15:14:35 - fetcher - INFO - 获取 DOGEUSDT 3m K线 50 条
2026-03-09 15:14:58 - fetcher - INFO - 获取 ETHUSDT 3m K线 100 条
2026-03-09 15:15:25 - fetcher - INFO - 获取 ETHUSDT 3m K线 50 条
2026-03-09 15:15:26 - fetcher - INFO - 获取 BTCUSDT 3m K线 50 条
2026-03-09 15:15:28 - fetcher - INFO - 获取 BNBUSDT 3m K线 50 条
2026-03-09 15:15:29 - fetcher - INFO - 获取 SOLUSDT 3m K线 50 条
2026-03-09 15:15:38 - fetcher - INFO - 获取 DOGEUSDT 3m K线 50 条
2026-03-09 15:16:31 - fetcher - INFO - 获取 ETHUSDT 3m K线 50 条
2026-03-09 15:16:32 - fetcher - INFO - 获取 BTCUSDT 3m K线 50 条
2026-03-09 15:16:33 - fetcher - INFO - 获取 BNBUSDT 3m K线 50 条
2026-03-09 15:16:34 - fetcher - INFO - 获取 SOLUSDT 3m K线 50 条
2026-03-09 15:16:43 - fetcher - INFO - 获取 DOGEUSDT 3m K线 50 条
2026-03-09 15:17:35 - fetcher - INFO - 获取 ETHUSDT 3m K线 50 条
2026-03-09 15:17:36 - fetcher - INFO - 获取 BTCUSDT 3m K线 50 条
2026-03-09 15:17:37 - fetcher - INFO - 获取 BNBUSDT 3m K线 50 条
2026-03-09 15:17:38 - fetcher - INFO - 获取 SOLUSDT 3m K线 50 条
2026-03-09 15:17:48 - fetcher - INFO - 获取 DOGEUSDT 3m K线 50 条
2026-03-09 15:18:07 - fetcher - INFO - 获取 ETHUSDT 3m K线 100 条
2026-03-09 15:18:36 - fetcher - INFO - 获取 ETHUSDT 3m K线 50 条
2026-03-09 15:18:42 - fetcher - INFO - 获取 BTCUSDT 3m K线 50 条
2026-03-09 15:18:43 - fetcher - INFO - 获取 BNBUSDT 3m K线 50 条
2026-03-09 15:18:44 - fetcher - INFO - 获取 SOLUSDT 3m K线 50 条
2026-03-09 15:18:54 - fetcher - INFO - 获取 DOGEUSDT 3m K线 50 条
2026-03-09 15:19:41 - fetcher - INFO - 获取 ETHUSDT 3m K线 50 条
2026-03-09 15:19:46 - fetcher - INFO - 获取 BTCUSDT 3m K线 50 条
2026-03-09 15:19:46 - fetcher - INFO - 获取 BNBUSDT 3m K线 50 条
2026-03-09 15:19:47 - fetcher - INFO - 获取 SOLUSDT 3m K线 50 条
2026-03-09 15:19:56 - fetcher - INFO - 获取 DOGEUSDT 3m K线 50 条
2026-03-09 15:20:46 - fetcher - INFO - 获取 ETHUSDT 3m K线 50 条
2026-03-09 15:20:52 - fetcher - INFO - 获取 BTCUSDT 3m K线 50 条
2026-03-09 15:20:53 - fetcher - INFO - 获取 BNBUSDT 3m K线 50 条
2026-03-09 15:20:54 - fetcher - INFO - 获取 SOLUSDT 3m K线 50 条
2026-03-09 15:21:03 - fetcher - INFO - 获取 DOGEUSDT 3m K线 50 条
2026-03-09 15:21:15 - fetcher - INFO - 获取 ETHUSDT 3m K线 100 条
2026-03-09 15:21:47 - fetcher - INFO - 获取 ETHUSDT 3m K线 50 条
2026-03-09 15:21:57 - fetcher - INFO - 获取 BTCUSDT 3m K线 50 条
2026-03-09 15:21:58 - fetcher - INFO - 获取 BNBUSDT 3m K线 50 条
2026-03-09 15:22:00 - fetcher - INFO - 获取 SOLUSDT 3m K线 50 条
2026-03-09 15:22:09 - fetcher - INFO - 获取 DOGEUSDT 3m K线 50 条
2026-03-09 15:22:54 - fetcher - INFO - 获取 ETHUSDT 3m K线 50 条
2026-03-09 15:23:55 - fetcher - INFO - 获取 BTCUSDT 3m K线 50 条
2026-03-09 15:24:01 - fetcher - INFO - 获取 BNBUSDT 3m K线 50 条
2026-03-09 15:24:02 - fetcher - INFO - 获取 SOLUSDT 3m K线 50 条
2026-03-09 15:24:03 - fetcher - INFO - 获取 DOGEUSDT 3m K线 50 条
2026-03-09 15:24:24 - fetcher - INFO - 获取 ETHUSDT 3m K线 100 条
2026-03-09 15:24:54 - fetcher - INFO - 获取 ETHUSDT 3m K线 50 条
2026-03-09 15:25:52 - fetcher - INFO - 获取 BTCUSDT 3m K线 50 条
2026-03-09 15:25:53 - fetcher - INFO - 获取 BNBUSDT 3m K线 50 条
2026-03-09 15:25:54 - fetcher - INFO - 获取 SOLUSDT 3m K线 50 条
2026-03-09 15:25:56 - fetcher - INFO - 获取 DOGEUSDT 3m K线 50 条
2026-03-09 15:25:57 - fetcher - INFO - 获取 ETHUSDT 3m K线 50 条
2026-03-09 15:26:53 - fetcher - INFO - 获取 ETHUSDT 3m K线 100 条
2026-03-09 15:26:53 - fetcher - INFO - 获取 BTCUSDT 3m K线 50 条
2026-03-09 15:26:55 - fetcher - INFO - 获取 BNBUSDT 3m K线 50 条
2026-03-09 15:26:56 - fetcher - INFO - 获取 SOLUSDT 3m K线 50 条
2026-03-09 15:26:57 - fetcher - INFO - 获取 DOGEUSDT 3m K线 50 条
2026-03-09 15:26:58 - fetcher - INFO - 获取 ETHUSDT 3m K线 50 条
