2026-03-09 12:35:08 - trader - ERROR - 同步持仓失败: Binance API Error: Mandatory parameter 'signature' was not sent, was empty/null, or malformed. (code: -1102)
2026-03-09 12:49:31 - trader - ERROR - 同步持仓失败: HTTPSConnectionPool(host='api.binance.com', port=443): Max retries exceeded with url: /api/v3/account?timestamp=1773031751589 (Caused by ConnectTimeoutError(<urllib3.connection.HTTPSConnection object at 0x0000023B32369A60>, 'Connection to api.binance.com timed out. (connect timeout=10)'))
2026-03-09 12:57:27 - trader - ERROR - 同步持仓失败: HTTPSConnectionPool(host='api.binance.com', port=443): Max retries exceeded with url: /api/v3/account?timestamp=1773032227871 (Caused by ConnectTimeoutError(<urllib3.connection.HTTPSConnection object at 0x0000022E1E6F8500>, 'Connection to api.binance.com timed out. (connect timeout=10)'))
2026-03-09 12:59:39 - trader - ERROR - 同步持仓失败: Binance API Error: Mandatory parameter 'signature' was not sent, was empty/null, or malformed. (code: -1102)
2026-03-09 13:00:59 - trader - ERROR - 同步持仓失败: HTTPSConnectionPool(host='api.binance.com', port=443): Max retries exceeded with url: /api/v3/account?timestamp=1773032439651 (Caused by ConnectTimeoutError(<urllib3.connection.HTTPSConnection object at 0x0000019A58E61A60>, 'Connection to api.binance.com timed out. (connect timeout=10)'))
2026-03-09 13:05:36 - trader - ERROR - 同步持仓失败: Binance API Error: Mandatory parameter 'signature' was not sent, was empty/null, or malformed. (code: -1102)
2026-03-09 13:12:34 - trader - INFO - 同步持仓: ETHUSDT x 0.0127643 @ 1979.24
2026-03-09 13:14:03 - trader - ERROR - 同步持仓失败: Binance API Error: Mandatory parameter 'signature' was not sent, was empty/null, or malformed. (code: -1102)
2026-03-09 13:16:30 - trader - INFO - 同步持仓: ETHUSDT x 0.0127643 @ 1981.79
2026-03-09 13:22:00 - trader - INFO - 同步持仓: ETHUSDT x 0.0127643 @ 1986.21
2026-03-09 13:47:53 - trader - INFO - 同步持仓: ETHUSDT x 0.0127643 @ 1997.37
2026-03-09 13:49:03 - trader - INFO - 同步持仓: ETHUSDT x 0.0127643 @ 2000.72
2026-03-09 13:49:23 - trader - INFO - 同步持仓: ETHUSDT x 0.0127643 @ 2001.96
2026-03-09 13:50:42 - trader - INFO - 同步持仓: ETHUSDT x 0.0127643 @ 2013.38
2026-03-09 13:51:52 - trader - INFO - 同步持仓: ETHUSDT x 0.0127643 @ 2013.56
2026-03-09 14:03:04 - trader - INFO - 开始卖出 ETHUSDT
2026-03-09 14:03:06 - trader - ERROR - 卖出异常: Binance API Error: Signature for this request is not valid. (code: -1022)
2026-03-09 14:15:46 - trader - INFO - 开始卖出 ETHUSDT
2026-03-09 14:15:47 - trader - ERROR - 卖出异常: Binance API Error: Signature for this request is not valid. (code: -1022)
2026-03-09 14:18:54 - trader - INFO - 开始卖出 ETHUSDT
2026-03-09 14:18:55 - trader - ERROR - 卖出异常: Binance API Error: Signature for this request is not valid. (code: -1022)
2026-03-09 14:22:54 - trader - INFO - 同步持仓: ETHUSDT x 0.0127643 @ 2002.95
2026-03-09 14:23:18 - trader - INFO - 同步持仓: ETHUSDT x 0.0127643 @ 2002.28
2026-03-09 14:36:58 - trader - INFO - 同步持仓: ETHUSDT x 0.0007643 @ 1995.62
2026-03-09 14:46:33 - trader - INFO - 开始卖出 ETHUSDT
2026-03-09 14:46:34 - trader - ERROR - 卖出异常: APIError(code=-1013): Filter failure: LOT_SIZE
2026-03-09 14:49:06 - trader - INFO - 同步持仓: ETHUSDT x 0.0007643 @ 1988.21
2026-03-09 14:51:35 - trader - INFO - 同步持仓: ETHUSDT x 0.0007643 @ 1987.95
2026-03-09 14:53:58 - trader - INFO - 同步持仓: ETHUSDT x 0.0007643 @ 1986.4
2026-03-09 15:00:13 - trader - INFO - 同步持仓: ETHUSDT x 0.0007643 @ 1983.96
2026-03-09 15:04:44 - trader - INFO - 同步持仓: ETHUSDT x 0.0007643 @ 1980.63
2026-03-09 15:14:58 - trader - INFO - 同步持仓: ETHUSDT x 0.0007643 @ 1975.23
2026-03-09 15:26:52 - trader - ERROR - 同步持仓失败: Binance API Error: Signature for this request is not valid. (code: -1022)
